Сборка начата 30.03.2021 14:53:17.
Уровень детализации журнала: Normal.     1>Проект "C:\Users\User\Documents\ОЗИ\Lab06\Lab06\Lab06.vcxproj" в узле 2 (целевые объекты Build).
     1>InitializeBuildStatus:
         Создание "Debug\Lab06.tlog\unsuccessfulbuild", так как было задано "AlwaysCreate".
       ClCompile:
         C:\Program Files (x86)\Microsoft Visual Studio\2019\Community\VC\Tools\MSVC\14.28.29910\bin\HostX86\x86\CL.exe /c /ZI /JMC /nologo /W3 /WX- /diagnostics:column /sdl /Od /Oy- /D WIN32 /D _DEBUG /D _CONSOLE /D _UNICODE /D UNICODE /Gm- /EHsc /RTC1 /MDd /GS /fp:precise /permissive- /Zc:wchar_t /Zc:forScope /Zc:inline /Fo"Debug\\" /Fd"Debug\vc142.pdb" /Gd /TP /analyze- /FC /errorReport:prompt Lab06.cpp
         Lab06.cpp
       Link:
         C:\Program Files (x86)\Microsoft Visual Studio\2019\Community\VC\Tools\MSVC\14.28.29910\bin\HostX86\x86\link.exe /ERRORREPORT:PROMPT /OUT:"C:\Users\User\Documents\ОЗИ\Lab06\Debug\Lab06.exe" /INCREMENTAL /NOLOGO kernel32.lib user32.lib gdi32.lib winspool.lib comdlg32.lib advapi32.lib shell32.lib ole32.lib oleaut32.lib uuid.lib odbc32.lib odbccp32.lib /MANIFEST /MANIFESTUAC:"level='asInvoker' uiAccess='false'" /manifest:embed /DEBUG:FASTLINK /PDB:"C:\Users\User\Documents\ОЗИ\Lab06\Debug\Lab06.pdb" /SUBSYSTEM:CONSOLE /TLBID:1 /DYNAMICBASE /NXCOMPAT /IMPLIB:"C:\Users\User\Documents\ОЗИ\Lab06\Debug\Lab06.lib" /MACHINE:X86 Debug\Algorithms.obj
         Debug\Lab06.obj
         Debug\Math.obj
         Lab06.vcxproj -> C:\Users\User\Documents\ОЗИ\Lab06\Debug\Lab06.exe
       FinalizeBuildStatus:
         Файл "Debug\Lab06.tlog\unsuccessfulbuild" удаляется.
         Обращение к "Debug\Lab06.tlog\Lab06.lastbuildstate".
     1>Сборка проекта "C:\Users\User\Documents\ОЗИ\Lab06\Lab06\Lab06.vcxproj" завершена (целевые объекты Build).

Сборка успешно завершена.
    Предупреждений: 0
    Ошибок: 0

Прошло времени 00:00:00.64
